[INFO] Scanning for projects...
[INFO] 
[INFO] -----------------------< iga.projet.gestion:RH >------------------------
[INFO] Building RH 0.0.1-SNAPSHOT
[INFO]   from pom.xml
[INFO] --------------------------------[ jar ]---------------------------------
[INFO] 
[INFO] >>> spring-boot:4.0.2:run (default-cli) > test-compile @ RH >>>
[INFO] 
[INFO] --- resources:3.3.1:resources (default-resources) @ RH ---
[INFO] Copying 1 resource from src/main/resources to target/classes
[INFO] Copying 0 resource from src/main/resources to target/classes
[INFO] 
[INFO] --- compiler:3.14.1:compile (default-compile) @ RH ---
[INFO] Nothing to compile - all classes are up to date.
[INFO] 
[INFO] --- resources:3.3.1:testResources (default-testResources) @ RH ---
[INFO] skip non existing resourceDirectory /var/jenkins_home/workspace/gestion_rh/backend/src/test/resources
[INFO] 
[INFO] --- compiler:3.14.1:testCompile (default-testCompile) @ RH ---
[INFO] Nothing to compile - all classes are up to date.
[INFO] 
[INFO] <<< spring-boot:4.0.2:run (default-cli) < test-compile @ RH <<<
[INFO] 
[INFO] 
[INFO] --- spring-boot:4.0.2:run (default-cli) @ RH ---
[INFO] Attaching agents: []

  .   ____          _            __ _ _
 /\\ / ___'_ __ _ _(_)_ __  __ _ \ \ \ \
( ( )\___ | '_ | '_| | '_ \/ _` | \ \ \ \
 \\/  ___)| |_)| | | | | || (_| |  ) ) ) )
  '  |____| .__|_| |_|_| |_\__, | / / / /
 =========|_|==============|___/=/_/_/_/

 :: Spring Boot ::                (v4.0.2)

2026-07-11T16:15:44.378Z  INFO 6208 --- [RH] [           main] iga.projet.gestion.RH.RhApplication      : Starting RhApplication using Java 21.0.11 with PID 6208 (/var/jenkins_home/workspace/gestion_rh/backend/target/classes started by root in /var/jenkins_home/workspace/gestion_rh/backend)
2026-07-11T16:15:44.381Z  INFO 6208 --- [RH] [           main] iga.projet.gestion.RH.RhApplication      : No active profile set, falling back to 1 default profile: "default"
2026-07-11T16:15:44.854Z  INFO 6208 --- [RH] [           main] .s.d.r.c.RepositoryConfigurationDelegate : Bootstrapping Spring Data JPA repositories in DEFAULT mode.
2026-07-11T16:15:44.891Z  INFO 6208 --- [RH] [           main] .s.d.r.c.RepositoryConfigurationDelegate : Finished Spring Data repository scanning in 30 ms. Found 4 JPA repository interfaces.
2026-07-11T16:15:45.190Z  INFO 6208 --- [RH] [           main] o.s.boot.tomcat.TomcatWebServer          : Tomcat initialized with port 8888 (http)
2026-07-11T16:15:45.200Z  INFO 6208 --- [RH] [           main] o.apache.catalina.core.StandardService   : Starting service [Tomcat]
2026-07-11T16:15:45.200Z  INFO 6208 --- [RH] [           main] o.apache.catalina.core.StandardEngine    : Starting Servlet engine: [Apache Tomcat/11.0.15]
2026-07-11T16:15:45.234Z  INFO 6208 --- [RH] [           main] b.w.c.s.WebApplicationContextInitializer : Root WebApplicationContext: initialization completed in 806 ms
2026-07-11T16:15:45.336Z  INFO 6208 --- [RH] [           main] com.zaxxer.hikari.HikariDataSource       : HikariPool-1 - Starting...
2026-07-11T16:15:45.606Z  INFO 6208 --- [RH] [           main] com.zaxxer.hikari.pool.HikariPool        : HikariPool-1 - Added connection com.mysql.cj.jdbc.ConnectionImpl@1f916219
2026-07-11T16:15:45.607Z  INFO 6208 --- [RH] [           main] com.zaxxer.hikari.HikariDataSource       : HikariPool-1 - Start completed.
2026-07-11T16:15:45.632Z  INFO 6208 --- [RH] [           main] org.hibernate.orm.jpa                    : HHH008540: Processing PersistenceUnitInfo [name: default]
2026-07-11T16:15:45.685Z  INFO 6208 --- [RH] [           main] org.hibernate.orm.core                   : HHH000001: Hibernate ORM core version 7.2.1.Final
2026-07-11T16:15:45.990Z  INFO 6208 --- [RH] [           main] o.s.o.j.p.SpringPersistenceUnitInfo      : No LoadTimeWeaver setup: ignoring JPA class transformer
2026-07-11T16:15:46.023Z  WARN 6208 --- [RH] [           main] org.hibernate.orm.jdbc                   : HHH100045: Could not obtain connection metadata: java.sql.SQLSyntaxErrorException: Unknown column 'RESERVED' in 'WHERE'
2026-07-11T16:15:46.033Z  WARN 6208 --- [RH] [           main] org.hibernate.orm.deprecation            : HHH90000025: MySQLDialect does not need to be specified explicitly using 'hibernate.dialect' (remove the property setting and it will be selected by default)
2026-07-11T16:15:46.042Z  INFO 6208 --- [RH] [           main] org.hibernate.orm.connections.pooling    : HHH10001005: Database info:
	Database JDBC URL [undefined/unknown]
	Database driver: undefined/unknown
	Database dialect: MySQLDialect
	Database version: 8.0
	Default catalog/schema: unknown/unknown
	Autocommit mode: undefined/unknown
	Isolation level: NONE [default NONE]
	JDBC fetch size: undefined/unknown
	Pool: DataSourceConnectionProvider
	Minimum pool size: undefined/unknown
	Maximum pool size: undefined/unknown
2026-07-11T16:15:46.632Z  INFO 6208 --- [RH] [           main] org.hibernate.orm.core                   : HHH000489: No JTA platform available (set 'hibernate.transaction.jta.platform' to enable JTA platform integration)
2026-07-11T16:15:46.637Z  INFO 6208 --- [RH] [           main] j.LocalContainerEntityManagerFactoryBean : Initialized JPA EntityManagerFactory for persistence unit 'default'
2026-07-11T16:15:46.705Z  INFO 6208 --- [RH] [           main] o.s.d.j.r.query.QueryEnhancerFactories   : Hibernate is in classpath; If applicable, HQL parser will be used.
2026-07-11T16:15:47.235Z  WARN 6208 --- [RH] [           main] JpaBaseConfiguration$JpaWebConfiguration : spring.jpa.open-in-view is enabled by default. Therefore, database queries may be performed during view rendering. Explicitly configure spring.jpa.open-in-view to disable this warning
2026-07-11T16:15:47.467Z  INFO 6208 --- [RH] [           main] o.s.boot.tomcat.TomcatWebServer          : Tomcat started on port 8888 (http) with context path '/'
2026-07-11T16:15:47.471Z  INFO 6208 --- [RH] [           main] iga.projet.gestion.RH.RhApplication      : Started RhApplication in 3.418 seconds (process running for 3.762)
2026-07-11T16:15:50.702Z  INFO 6208 --- [RH] [ionShutdownHook] o.s.boot.tomcat.GracefulShutdown         : Commencing graceful shutdown. Waiting for active requests to complete
2026-07-11T16:15:50.708Z  INFO 6208 --- [RH] [tomcat-shutdown] o.s.boot.tomcat.GracefulShutdown         : Graceful shutdown complete
2026-07-11T16:15:50.711Z  INFO 6208 --- [RH] [ionShutdownHook] j.LocalContainerEntityManagerFactoryBean : Closing JPA EntityManagerFactory for persistence unit 'default'
2026-07-11T16:15:50.713Z  INFO 6208 --- [RH] [ionShutdownHook] com.zaxxer.hikari.HikariDataSource       : HikariPool-1 - Shutdown initiated...
2026-07-11T16:15:50.716Z  INFO 6208 --- [RH] [ionShutdownHook] com.zaxxer.hikari.HikariDataSource       : HikariPool-1 - Shutdown completed.
[INFO] ------------------------------------------------------------------------
[INFO] BUILD SUCCESS
[INFO] ------------------------------------------------------------------------
[INFO] Total time:  8.390 s
[INFO] Finished at: 2026-07-11T16:15:50Z
[INFO] ------------------------------------------------------------------------
